2020-05-20 21:44:39,850 INFO org.springframework.boot.StartupInfoLogger [restartedMain] Starting AutoSendMsgWhatsappApplication on LIM-46YX6S2 with PID 46708 (C:\JEAN\EVERIS\Proyectos\Proy-IPT\Desarrollo\workspaces\microservicios\auto-send-msg-whatsapp\target\classes started by jramalal in C:\JEAN\EVERIS\Proyectos\Proy-IPT\Desarrollo\workspaces\microservicios\auto-send-msg-whatsapp)
2020-05-20 21:44:39,860 DEBUG org.springframework.boot.StartupInfoLogger [restartedMain] Running with Spring Boot v2.3.0.RELEASE, Spring v5.2.6.RELEASE
2020-05-20 21:44:39,861 INFO org.springframework.boot.SpringApplication [restartedMain] No active profile set, falling back to default profiles: default
2020-05-20 21:44:40,807 INFO org.springframework.boot.StartupInfoLogger [restartedMain] Started AutoSendMsgWhatsappApplication in 2.141 seconds (JVM running for 3.939)
2020-05-20 21:44:40,811 INFO com.jeanramal.autosendmsgwhatsapp.service.SendMsgWhatsAppService [restartedMain] [15900290808110] -------------- START_PROCESS -------------------------------------
2020-05-20 21:44:40,812 INFO com.jeanramal.autosendmsgwhatsapp.service.SendMsgWhatsAppService [restartedMain] [15900290808110] Sending Message WhatsApp
2020-05-20 21:44:40,812 INFO com.jeanramal.autosendmsgwhatsapp.service.SendMsgWhatsAppService [restartedMain] [15900290808110] parameters: Parameters(pathDriver=C:\Users\jramalal\Downloads\instaladores\chromedriver.exe, numbers=51994641153, message=Hola, recuerda que hoy es el Taller de "Introducción a FlexBox" a las 7pm. Únete al taller online aquí : https://bit.ly/3dN0ML7 Contraseña: PDGIT2020 Este mensaje es informativo. No es necesario responder. #YoMeQuedoEnCasa)
2020-05-20 21:44:40,812 INFO com.jeanramal.autosendmsgwhatsapp.service.SendMsgWhatsAppService [restartedMain] [15900290808110] prepareDriver
2020-05-20 21:44:45,612 ERROR com.jeanramal.autosendmsgwhatsapp.service.SendMsgWhatsAppService [restartedMain] [15900290808110] WebDriverException
org.openqa.selenium.SessionNotCreatedException: session not created: This version of ChromeDriver only supports Chrome version 80
Build info: version: '3.141.59', revision: 'e82be7d358', time: '2018-11-14T08:17:03'
System info: host: 'LIM-46YX6S2', ip: '192.168.1.7', os.name: 'Windows 10', os.arch: 'amd64', os.version: '10.0', java.version: '1.8.0_241'
Driver info: driver.version: ChromeDriver
remote stacktrace: Backtrace:
	Ordinal0 [0x002D0AE3+1706723]
	Ordinal0 [0x002368C1+1075393]
	Ordinal0 [0x001ADFA9+516009]
	Ordinal0 [0x00140554+66900]
	Ordinal0 [0x0013CCE2+52450]
	Ordinal0 [0x0015BFD7+180183]
	Ordinal0 [0x0015BDDD+179677]
	Ordinal0 [0x00159D4B+171339]
	Ordinal0 [0x00141D4A+73034]
	Ordinal0 [0x00142DC0+77248]
	Ordinal0 [0x00142D59+77145]
	Ordinal0 [0x0024BB37+1162039]
	GetHandleVerifier [0x0036A7C6+508998]
	GetHandleVerifier [0x0036A504+508292]
	GetHandleVerifier [0x0037F617+594583]
	GetHandleVerifier [0x0036B036+511158]
	Ordinal0 [0x00243FFC+1130492]
	Ordinal0 [0x0024D49B+1168539]
	Ordinal0 [0x0024D603+1168899]
	Ordinal0 [0x00265B05+1268485]
	BaseThreadInitThunk [0x76826359+25]
	RtlGetAppContainerNamedObjectPath [0x77C77B74+228]
	RtlGetAppContainerNamedObjectPath [0x77C77B44+180]

	at sun.reflect.NativeConstructorAccessorImpl.newInstance0(Native Method)
	at sun.reflect.NativeConstructorAccessorImpl.newInstance(NativeConstructorAccessorImpl.java:62)
	at sun.reflect.DelegatingConstructorAccessorImpl.newInstance(DelegatingConstructorAccessorImpl.java:45)
	at java.lang.reflect.Constructor.newInstance(Constructor.java:423)
	at org.openqa.selenium.remote.W3CHandshakeResponse.lambda$errorHandler$0(W3CHandshakeResponse.java:62)
	at org.openqa.selenium.remote.HandshakeResponse.lambda$getResponseFunction$0(HandshakeResponse.java:30)
	at org.openqa.selenium.remote.ProtocolHandshake.lambda$createSession$0(ProtocolHandshake.java:126)
	at java.util.stream.ReferencePipeline$3$1.accept(ReferencePipeline.java:193)
	at java.util.Spliterators$ArraySpliterator.tryAdvance(Spliterators.java:958)
	at java.util.stream.ReferencePipeline.forEachWithCancel(ReferencePipeline.java:126)
	at java.util.stream.AbstractPipeline.copyIntoWithCancel(AbstractPipeline.java:499)
	at java.util.stream.AbstractPipeline.copyInto(AbstractPipeline.java:486)
	at java.util.stream.AbstractPipeline.wrapAndCopyInto(AbstractPipeline.java:472)
	at java.util.stream.FindOps$FindOp.evaluateSequential(FindOps.java:152)
	at java.util.stream.AbstractPipeline.evaluate(AbstractPipeline.java:234)
	at java.util.stream.ReferencePipeline.findFirst(ReferencePipeline.java:464)
	at org.openqa.selenium.remote.ProtocolHandshake.createSession(ProtocolHandshake.java:128)
	at org.openqa.selenium.remote.ProtocolHandshake.createSession(ProtocolHandshake.java:74)
	at org.openqa.selenium.remote.HttpCommandExecutor.execute(HttpCommandExecutor.java:136)
	at org.openqa.selenium.remote.service.DriverCommandExecutor.execute(DriverCommandExecutor.java:83)
	at org.openqa.selenium.remote.RemoteWebDriver.execute(RemoteWebDriver.java:552)
	at org.openqa.selenium.remote.RemoteWebDriver.startSession(RemoteWebDriver.java:213)
	at org.openqa.selenium.remote.RemoteWebDriver.<init>(RemoteWebDriver.java:131)
	at org.openqa.selenium.chrome.ChromeDriver.<init>(ChromeDriver.java:181)
	at org.openqa.selenium.chrome.ChromeDriver.<init>(ChromeDriver.java:168)
	at org.openqa.selenium.chrome.ChromeDriver.<init>(ChromeDriver.java:123)
	at com.jeanramal.autosendmsgwhatsapp.service.SendMsgWhatsAppService.prepareDriver(SendMsgWhatsAppService.java:179)
	at com.jeanramal.autosendmsgwhatsapp.service.SendMsgWhatsAppService.sendMsg(SendMsgWhatsAppService.java:46)
	at com.jeanramal.autosendmsgwhatsapp.AutoSendMsgWhatsappApplication.run(AutoSendMsgWhatsappApplication.java:22)
	at org.springframework.boot.SpringApplication.callRunner(SpringApplication.java:795)
	at org.springframework.boot.SpringApplication.callRunners(SpringApplication.java:779)
	at org.springframework.boot.SpringApplication.run(SpringApplication.java:322)
	at org.springframework.boot.SpringApplication.run(SpringApplication.java:1237)
	at org.springframework.boot.SpringApplication.run(SpringApplication.java:1226)
	at com.jeanramal.autosendmsgwhatsapp.AutoSendMsgWhatsappApplication.main(AutoSendMsgWhatsappApplication.java:17)
	at sun.reflect.NativeMethodAccessorImpl.invoke0(Native Method)
	at sun.reflect.NativeMethodAccessorImpl.invoke(NativeMethodAccessorImpl.java:62)
	at sun.reflect.DelegatingMethodAccessorImpl.invoke(DelegatingMethodAccessorImpl.java:43)
	at java.lang.reflect.Method.invoke(Method.java:498)
	at org.springframework.boot.devtools.restart.RestartLauncher.run(RestartLauncher.java:49)
2020-05-20 21:44:45,613 INFO com.jeanramal.autosendmsgwhatsapp.service.SendMsgWhatsAppService [restartedMain] [15900290808110] 
2020-05-20 21:44:45,613 INFO com.jeanramal.autosendmsgwhatsapp.service.SendMsgWhatsAppService [restartedMain] [15900290808110] closeAllWindows
2020-05-20 21:44:45,614 INFO com.jeanramal.autosendmsgwhatsapp.service.SendMsgWhatsAppService [restartedMain] [15900290808110] 
2020-05-20 21:44:45,614 INFO com.jeanramal.autosendmsgwhatsapp.service.SendMsgWhatsAppService [restartedMain] [15900290808110] Statistics:
2020-05-20 21:44:45,614 INFO com.jeanramal.autosendmsgwhatsapp.service.SendMsgWhatsAppService [restartedMain] [15900290808110] Number of numbers: 0
2020-05-20 21:44:45,614 INFO com.jeanramal.autosendmsgwhatsapp.service.SendMsgWhatsAppService [restartedMain] [15900290808110] Number of processed numbers: 0
2020-05-20 21:44:45,615 INFO com.jeanramal.autosendmsgwhatsapp.service.SendMsgWhatsAppService [restartedMain] [15900290808110] Number of unprocessed numbers: 0
2020-05-20 21:44:45,615 INFO com.jeanramal.autosendmsgwhatsapp.service.SendMsgWhatsAppService [restartedMain] [15900290808110] Invalid numbers: 
2020-05-20 21:44:45,615 INFO com.jeanramal.autosendmsgwhatsapp.service.SendMsgWhatsAppService [restartedMain] [15900290808110] 
2020-05-20 21:44:45,616 INFO com.jeanramal.autosendmsgwhatsapp.service.SendMsgWhatsAppService [restartedMain] [15900290808110] Elapsed total time: 4805 ms.
2020-05-20 21:44:45,616 INFO com.jeanramal.autosendmsgwhatsapp.service.SendMsgWhatsAppService [restartedMain] [15900290808110] -------------- FINISH_PROCESS -------------------------------------
2020-05-20 21:45:15,234 INFO org.springframework.boot.StartupInfoLogger [restartedMain] Starting AutoSendMsgWhatsappApplication on LIM-46YX6S2 with PID 48528 (C:\JEAN\EVERIS\Proyectos\Proy-IPT\Desarrollo\workspaces\microservicios\auto-send-msg-whatsapp\target\classes started by jramalal in C:\JEAN\EVERIS\Proyectos\Proy-IPT\Desarrollo\workspaces\microservicios\auto-send-msg-whatsapp)
2020-05-20 21:45:15,238 DEBUG org.springframework.boot.StartupInfoLogger [restartedMain] Running with Spring Boot v2.3.0.RELEASE, Spring v5.2.6.RELEASE
2020-05-20 21:45:15,239 INFO org.springframework.boot.SpringApplication [restartedMain] No active profile set, falling back to default profiles: default
2020-05-20 21:45:15,873 INFO org.springframework.boot.StartupInfoLogger [restartedMain] Started AutoSendMsgWhatsappApplication in 1.065 seconds (JVM running for 2.44)
2020-05-20 21:45:15,876 INFO com.jeanramal.autosendmsgwhatsapp.service.SendMsgWhatsAppService [restartedMain] [15900291158760] -------------- START_PROCESS -------------------------------------
2020-05-20 21:45:15,877 INFO com.jeanramal.autosendmsgwhatsapp.service.SendMsgWhatsAppService [restartedMain] [15900291158760] Sending Message WhatsApp
2020-05-20 21:45:15,877 INFO com.jeanramal.autosendmsgwhatsapp.service.SendMsgWhatsAppService [restartedMain] [15900291158760] parameters: Parameters(pathDriver=C:\Users\jramalal\Downloads\instaladores\chromedriver.exe, numbers=51994641153, message=Hola, recuerda que hoy es el Taller de "Introducción a FlexBox" a las 7pm. Únete al taller online aquí : https://bit.ly/3dN0ML7 Contraseña: PDGIT2020 Este mensaje es informativo. No es necesario responder. #YoMeQuedoEnCasa)
2020-05-20 21:45:15,877 INFO com.jeanramal.autosendmsgwhatsapp.service.SendMsgWhatsAppService [restartedMain] [15900291158760] prepareDriver
2020-05-20 21:45:18,812 ERROR com.jeanramal.autosendmsgwhatsapp.service.SendMsgWhatsAppService [restartedMain] [15900291158760] WebDriverException
org.openqa.selenium.SessionNotCreatedException: session not created: This version of ChromeDriver only supports Chrome version 80
Build info: version: '3.141.59', revision: 'e82be7d358', time: '2018-11-14T08:17:03'
System info: host: 'LIM-46YX6S2', ip: '192.168.1.7', os.name: 'Windows 10', os.arch: 'amd64', os.version: '10.0', java.version: '1.8.0_241'
Driver info: driver.version: ChromeDriver
remote stacktrace: Backtrace:
	Ordinal0 [0x002D0AE3+1706723]
	Ordinal0 [0x002368C1+1075393]
	Ordinal0 [0x001ADFA9+516009]
	Ordinal0 [0x00140554+66900]
	Ordinal0 [0x0013CCE2+52450]
	Ordinal0 [0x0015BFD7+180183]
	Ordinal0 [0x0015BDDD+179677]
	Ordinal0 [0x00159D4B+171339]
	Ordinal0 [0x00141D4A+73034]
	Ordinal0 [0x00142DC0+77248]
	Ordinal0 [0x00142D59+77145]
	Ordinal0 [0x0024BB37+1162039]
	GetHandleVerifier [0x0036A7C6+508998]
	GetHandleVerifier [0x0036A504+508292]
	GetHandleVerifier [0x0037F617+594583]
	GetHandleVerifier [0x0036B036+511158]
	Ordinal0 [0x00243FFC+1130492]
	Ordinal0 [0x0024D49B+1168539]
	Ordinal0 [0x0024D603+1168899]
	Ordinal0 [0x00265B05+1268485]
	BaseThreadInitThunk [0x76826359+25]
	RtlGetAppContainerNamedObjectPath [0x77C77B74+228]
	RtlGetAppContainerNamedObjectPath [0x77C77B44+180]

	at sun.reflect.NativeConstructorAccessorImpl.newInstance0(Native Method)
	at sun.reflect.NativeConstructorAccessorImpl.newInstance(NativeConstructorAccessorImpl.java:62)
	at sun.reflect.DelegatingConstructorAccessorImpl.newInstance(DelegatingConstructorAccessorImpl.java:45)
	at java.lang.reflect.Constructor.newInstance(Constructor.java:423)
	at org.openqa.selenium.remote.W3CHandshakeResponse.lambda$errorHandler$0(W3CHandshakeResponse.java:62)
	at org.openqa.selenium.remote.HandshakeResponse.lambda$getResponseFunction$0(HandshakeResponse.java:30)
	at org.openqa.selenium.remote.ProtocolHandshake.lambda$createSession$0(ProtocolHandshake.java:126)
	at java.util.stream.ReferencePipeline$3$1.accept(ReferencePipeline.java:193)
	at java.util.Spliterators$ArraySpliterator.tryAdvance(Spliterators.java:958)
	at java.util.stream.ReferencePipeline.forEachWithCancel(ReferencePipeline.java:126)
	at java.util.stream.AbstractPipeline.copyIntoWithCancel(AbstractPipeline.java:499)
	at java.util.stream.AbstractPipeline.copyInto(AbstractPipeline.java:486)
	at java.util.stream.AbstractPipeline.wrapAndCopyInto(AbstractPipeline.java:472)
	at java.util.stream.FindOps$FindOp.evaluateSequential(FindOps.java:152)
	at java.util.stream.AbstractPipeline.evaluate(AbstractPipeline.java:234)
	at java.util.stream.ReferencePipeline.findFirst(ReferencePipeline.java:464)
	at org.openqa.selenium.remote.ProtocolHandshake.createSession(ProtocolHandshake.java:128)
	at org.openqa.selenium.remote.ProtocolHandshake.createSession(ProtocolHandshake.java:74)
	at org.openqa.selenium.remote.HttpCommandExecutor.execute(HttpCommandExecutor.java:136)
	at org.openqa.selenium.remote.service.DriverCommandExecutor.execute(DriverCommandExecutor.java:83)
	at org.openqa.selenium.remote.RemoteWebDriver.execute(RemoteWebDriver.java:552)
	at org.openqa.selenium.remote.RemoteWebDriver.startSession(RemoteWebDriver.java:213)
	at org.openqa.selenium.remote.RemoteWebDriver.<init>(RemoteWebDriver.java:131)
	at org.openqa.selenium.chrome.ChromeDriver.<init>(ChromeDriver.java:181)
	at org.openqa.selenium.chrome.ChromeDriver.<init>(ChromeDriver.java:168)
	at org.openqa.selenium.chrome.ChromeDriver.<init>(ChromeDriver.java:123)
	at com.jeanramal.autosendmsgwhatsapp.service.SendMsgWhatsAppService.prepareDriver(SendMsgWhatsAppService.java:179)
	at com.jeanramal.autosendmsgwhatsapp.service.SendMsgWhatsAppService.sendMsg(SendMsgWhatsAppService.java:46)
	at com.jeanramal.autosendmsgwhatsapp.AutoSendMsgWhatsappApplication.run(AutoSendMsgWhatsappApplication.java:22)
	at org.springframework.boot.SpringApplication.callRunner(SpringApplication.java:795)
	at org.springframework.boot.SpringApplication.callRunners(SpringApplication.java:779)
	at org.springframework.boot.SpringApplication.run(SpringApplication.java:322)
	at org.springframework.boot.SpringApplication.run(SpringApplication.java:1237)
	at org.springframework.boot.SpringApplication.run(SpringApplication.java:1226)
	at com.jeanramal.autosendmsgwhatsapp.AutoSendMsgWhatsappApplication.main(AutoSendMsgWhatsappApplication.java:17)
	at sun.reflect.NativeMethodAccessorImpl.invoke0(Native Method)
	at sun.reflect.NativeMethodAccessorImpl.invoke(NativeMethodAccessorImpl.java:62)
	at sun.reflect.DelegatingMethodAccessorImpl.invoke(DelegatingMethodAccessorImpl.java:43)
	at java.lang.reflect.Method.invoke(Method.java:498)
	at org.springframework.boot.devtools.restart.RestartLauncher.run(RestartLauncher.java:49)
2020-05-20 21:45:18,813 INFO com.jeanramal.autosendmsgwhatsapp.service.SendMsgWhatsAppService [restartedMain] [15900291158760] 
2020-05-20 21:45:18,813 INFO com.jeanramal.autosendmsgwhatsapp.service.SendMsgWhatsAppService [restartedMain] [15900291158760] closeAllWindows
2020-05-20 21:45:18,813 INFO com.jeanramal.autosendmsgwhatsapp.service.SendMsgWhatsAppService [restartedMain] [15900291158760] 
2020-05-20 21:45:18,814 INFO com.jeanramal.autosendmsgwhatsapp.service.SendMsgWhatsAppService [restartedMain] [15900291158760] Statistics:
2020-05-20 21:45:18,814 INFO com.jeanramal.autosendmsgwhatsapp.service.SendMsgWhatsAppService [restartedMain] [15900291158760] Number of numbers: 0
2020-05-20 21:45:18,814 INFO com.jeanramal.autosendmsgwhatsapp.service.SendMsgWhatsAppService [restartedMain] [15900291158760] Number of processed numbers: 0
2020-05-20 21:45:18,814 INFO com.jeanramal.autosendmsgwhatsapp.service.SendMsgWhatsAppService [restartedMain] [15900291158760] Number of unprocessed numbers: 0
2020-05-20 21:45:18,815 INFO com.jeanramal.autosendmsgwhatsapp.service.SendMsgWhatsAppService [restartedMain] [15900291158760] Invalid numbers: 
2020-05-20 21:45:18,815 INFO com.jeanramal.autosendmsgwhatsapp.service.SendMsgWhatsAppService [restartedMain] [15900291158760] 
2020-05-20 21:45:18,815 INFO com.jeanramal.autosendmsgwhatsapp.service.SendMsgWhatsAppService [restartedMain] [15900291158760] Elapsed total time: 2940 ms.
2020-05-20 21:45:18,815 INFO com.jeanramal.autosendmsgwhatsapp.service.SendMsgWhatsAppService [restartedMain] [15900291158760] -------------- FINISH_PROCESS -------------------------------------
2020-05-20 21:46:54,462 INFO org.springframework.boot.StartupInfoLogger [restartedMain] Starting AutoSendMsgWhatsappApplication on LIM-46YX6S2 with PID 7220 (C:\JEAN\EVERIS\Proyectos\Proy-IPT\Desarrollo\workspaces\microservicios\auto-send-msg-whatsapp\target\classes started by jramalal in C:\JEAN\EVERIS\Proyectos\Proy-IPT\Desarrollo\workspaces\microservicios\auto-send-msg-whatsapp)
2020-05-20 21:46:54,465 DEBUG org.springframework.boot.StartupInfoLogger [restartedMain] Running with Spring Boot v2.3.0.RELEASE, Spring v5.2.6.RELEASE
2020-05-20 21:46:54,466 INFO org.springframework.boot.SpringApplication [restartedMain] No active profile set, falling back to default profiles: default
2020-05-20 21:46:55,114 INFO org.springframework.boot.StartupInfoLogger [restartedMain] Started AutoSendMsgWhatsappApplication in 1.119 seconds (JVM running for 2.734)
2020-05-20 21:46:55,117 INFO com.jeanramal.autosendmsgwhatsapp.service.SendMsgWhatsAppService [restartedMain] [15900292151170] -------------- START_PROCESS -------------------------------------
2020-05-20 21:46:55,117 INFO com.jeanramal.autosendmsgwhatsapp.service.SendMsgWhatsAppService [restartedMain] [15900292151170] Sending Message WhatsApp
2020-05-20 21:46:55,118 INFO com.jeanramal.autosendmsgwhatsapp.service.SendMsgWhatsAppService [restartedMain] [15900292151170] parameters: Parameters(pathDriver=target\chromedriver\83.0.4103.39\chromedriver_win32\chromedriver.exe, numbers=51994641153, message=Hola, recuerda que hoy es el Taller de "Introducción a FlexBox" a las 7pm. Únete al taller online aquí : https://bit.ly/3dN0ML7 Contraseña: PDGIT2020 Este mensaje es informativo. No es necesario responder. #YoMeQuedoEnCasa)
2020-05-20 21:46:55,118 INFO com.jeanramal.autosendmsgwhatsapp.service.SendMsgWhatsAppService [restartedMain] [15900292151170] prepareDriver
2020-05-20 21:47:01,078 INFO com.jeanramal.autosendmsgwhatsapp.service.SendMsgWhatsAppService [restartedMain] [15900292151170] Loading page...
2020-05-20 21:47:24,903 INFO com.jeanramal.autosendmsgwhatsapp.service.SendMsgWhatsAppService [restartedMain] [15900292151170] Page loaded.
2020-05-20 21:47:24,904 INFO com.jeanramal.autosendmsgwhatsapp.service.SendMsgWhatsAppService [restartedMain] [15900292151170] Waiting scanning...
2020-05-20 21:47:51,266 INFO com.jeanramal.autosendmsgwhatsapp.service.SendMsgWhatsAppService [restartedMain] [15900292151170] Scanned.
2020-05-20 21:47:51,266 INFO com.jeanramal.autosendmsgwhatsapp.service.SendMsgWhatsAppService [restartedMain] [15900292151170] Waiting connection...
2020-05-20 21:47:55,931 INFO com.jeanramal.autosendmsgwhatsapp.service.SendMsgWhatsAppService [restartedMain] [15900292151170] Connected.
2020-05-20 21:47:55,932 INFO com.jeanramal.autosendmsgwhatsapp.service.SendMsgWhatsAppService [restartedMain] [15900292151170] createTab
2020-05-20 21:47:57,023 INFO com.jeanramal.autosendmsgwhatsapp.service.SendMsgWhatsAppService [restartedMain] [15900292151170] 
2020-05-20 21:47:57,024 INFO com.jeanramal.autosendmsgwhatsapp.service.SendMsgWhatsAppService [restartedMain] [15900292151170] [15900292770241] -------------- START_SENDING ----------------------
2020-05-20 21:47:57,024 INFO com.jeanramal.autosendmsgwhatsapp.service.SendMsgWhatsAppService [restartedMain] [15900292151170] [15900292770241] 1/1 - 51994641153: Sending message...
2020-05-20 21:48:09,214 INFO com.jeanramal.autosendmsgwhatsapp.service.SendMsgWhatsAppService [restartedMain] [15900292151170] [15900292770241] 1/1 - 51994641153: Message sended.
2020-05-20 21:48:09,214 INFO com.jeanramal.autosendmsgwhatsapp.service.SendMsgWhatsAppService [restartedMain] [15900292151170] [15900292770241] Elapsed sending time: 12191 ms.
2020-05-20 21:48:09,215 INFO com.jeanramal.autosendmsgwhatsapp.service.SendMsgWhatsAppService [restartedMain] [15900292151170] [15900292770241] -------------- FINISH_SENDING ----------------------
2020-05-20 21:48:09,216 INFO com.jeanramal.autosendmsgwhatsapp.service.SendMsgWhatsAppService [restartedMain] [15900292151170] 
2020-05-20 21:48:09,216 INFO com.jeanramal.autosendmsgwhatsapp.service.SendMsgWhatsAppService [restartedMain] [15900292151170] closeAllWindows
2020-05-20 21:48:10,333 INFO com.jeanramal.autosendmsgwhatsapp.service.SendMsgWhatsAppService [restartedMain] [15900292151170] 
2020-05-20 21:48:10,333 INFO com.jeanramal.autosendmsgwhatsapp.service.SendMsgWhatsAppService [restartedMain] [15900292151170] Statistics:
2020-05-20 21:48:10,334 INFO com.jeanramal.autosendmsgwhatsapp.service.SendMsgWhatsAppService [restartedMain] [15900292151170] Number of numbers: 1
2020-05-20 21:48:10,334 INFO com.jeanramal.autosendmsgwhatsapp.service.SendMsgWhatsAppService [restartedMain] [15900292151170] Number of processed numbers: 1
2020-05-20 21:48:10,334 INFO com.jeanramal.autosendmsgwhatsapp.service.SendMsgWhatsAppService [restartedMain] [15900292151170] Number of unprocessed numbers: 0
2020-05-20 21:48:10,334 INFO com.jeanramal.autosendmsgwhatsapp.service.SendMsgWhatsAppService [restartedMain] [15900292151170] Invalid numbers: 
2020-05-20 21:48:10,334 INFO com.jeanramal.autosendmsgwhatsapp.service.SendMsgWhatsAppService [restartedMain] [15900292151170] 
2020-05-20 21:48:10,334 INFO com.jeanramal.autosendmsgwhatsapp.service.SendMsgWhatsAppService [restartedMain] [15900292151170] Elapsed total time: 75218 ms.
2020-05-20 21:48:10,335 INFO com.jeanramal.autosendmsgwhatsapp.service.SendMsgWhatsAppService [restartedMain] [15900292151170] -------------- FINISH_PROCESS -------------------------------------
2020-05-20 21:50:13,082 INFO org.springframework.boot.StartupInfoLogger [restartedMain] Starting AutoSendMsgWhatsappApplication on LIM-46YX6S2 with PID 45024 (C:\JEAN\EVERIS\Proyectos\Proy-IPT\Desarrollo\workspaces\microservicios\auto-send-msg-whatsapp\target\classes started by jramalal in C:\JEAN\EVERIS\Proyectos\Proy-IPT\Desarrollo\workspaces\microservicios\auto-send-msg-whatsapp)
2020-05-20 21:50:13,087 DEBUG org.springframework.boot.StartupInfoLogger [restartedMain] Running with Spring Boot v2.3.0.RELEASE, Spring v5.2.6.RELEASE
2020-05-20 21:50:13,088 INFO org.springframework.boot.SpringApplication [restartedMain] No active profile set, falling back to default profiles: default
2020-05-20 21:50:13,878 INFO org.springframework.boot.StartupInfoLogger [restartedMain] Started AutoSendMsgWhatsappApplication in 1.359 seconds (JVM running for 3.013)
2020-05-20 21:50:13,881 INFO com.jeanramal.autosendmsgwhatsapp.service.SendMsgWhatsAppService [restartedMain] [15900294138810] -------------- START_PROCESS -------------------------------------
2020-05-20 21:50:13,881 INFO com.jeanramal.autosendmsgwhatsapp.service.SendMsgWhatsAppService [restartedMain] [15900294138810] Sending Message WhatsApp
2020-05-20 21:50:13,881 INFO com.jeanramal.autosendmsgwhatsapp.service.SendMsgWhatsAppService [restartedMain] [15900294138810] parameters: Parameters(pathDriver=target\chromedriver\83.0.4103.39\chromedriver_win32\chromedriver.exe, numbers=51994641153,51949175165,51988773802,51989010684, message=Hola, recuerda que hoy es el Taller de "Introducción a FlexBox" a las 7pm. Únete al taller online aquí : https://bit.ly/3dN0ML7 Contraseña: PDGIT2020 Este mensaje es informativo. No es necesario responder. #YoMeQuedoEnCasa)
2020-05-20 21:50:13,881 INFO com.jeanramal.autosendmsgwhatsapp.service.SendMsgWhatsAppService [restartedMain] [15900294138810] prepareDriver
2020-05-20 21:50:19,748 INFO com.jeanramal.autosendmsgwhatsapp.service.SendMsgWhatsAppService [restartedMain] [15900294138810] Loading page...
2020-05-20 21:50:45,388 INFO com.jeanramal.autosendmsgwhatsapp.service.SendMsgWhatsAppService [restartedMain] [15900294138810] Page loaded.
2020-05-20 21:50:45,389 INFO com.jeanramal.autosendmsgwhatsapp.service.SendMsgWhatsAppService [restartedMain] [15900294138810] Waiting scanning...
2020-05-20 21:56:14,071 INFO com.jeanramal.autosendmsgwhatsapp.service.SendMsgWhatsAppService [restartedMain] [15900294138810] Scanned.
2020-05-20 21:56:14,072 INFO com.jeanramal.autosendmsgwhatsapp.service.SendMsgWhatsAppService [restartedMain] [15900294138810] Waiting connection...
2020-05-20 21:56:19,681 INFO com.jeanramal.autosendmsgwhatsapp.service.SendMsgWhatsAppService [restartedMain] [15900294138810] Connected.
2020-05-20 21:56:19,682 INFO com.jeanramal.autosendmsgwhatsapp.service.SendMsgWhatsAppService [restartedMain] [15900294138810] createTab
2020-05-20 21:56:21,081 INFO com.jeanramal.autosendmsgwhatsapp.service.SendMsgWhatsAppService [restartedMain] [15900294138810] 
2020-05-20 21:56:21,082 INFO com.jeanramal.autosendmsgwhatsapp.service.SendMsgWhatsAppService [restartedMain] [15900294138810] [15900297810821] -------------- START_SENDING ----------------------
2020-05-20 21:56:21,082 INFO com.jeanramal.autosendmsgwhatsapp.service.SendMsgWhatsAppService [restartedMain] [15900294138810] [15900297810821] 1/4 - 51994641153: Sending message...
2020-05-20 21:56:30,450 ERROR com.jeanramal.autosendmsgwhatsapp.service.SendMsgWhatsAppService [restartedMain] [15900294138810] [15900297810821] 1/4 - 51994641153: [null] - element not interactable
  (Session info: chrome=83.0.4103.61)
Build info: version: '3.141.59', revision: 'e82be7d358', time: '2018-11-14T08:17:03'
System info: host: 'LIM-46YX6S2', ip: '192.168.1.7', os.name: 'Windows 10', os.arch: 'amd64', os.version: '10.0', java.version: '1.8.0_241'
Driver info: org.openqa.selenium.chrome.ChromeDriver
Capabilities {acceptInsecureCerts: false, browserName: chrome, browserVersion: 83.0.4103.61, chrome: {chromedriverVersion: 83.0.4103.39 (ccbf011cb2d2b..., userDataDir: C:\Users\jramalal\AppData\L...}, goog:chromeOptions: {debuggerAddress: localhost:64155}, javascriptEnabled: true, networkConnectionEnabled: false, pageLoadStrategy: normal, platform: WINDOWS, platformName: WINDOWS, proxy: Proxy(), setWindowRect: true, strictFileInteractability: false, timeouts: {implicit: 0, pageLoad: 300000, script: 30000}, unhandledPromptBehavior: dismiss and notify, webauthn:virtualAuthenticators: true}
Session ID: d6748673a520bdaf109670b979d1af65
2020-05-20 21:56:30,450 INFO com.jeanramal.autosendmsgwhatsapp.service.SendMsgWhatsAppService [restartedMain] [15900294138810] [15900297810821] Elapsed sending time: 9368 ms.
2020-05-20 21:56:30,451 INFO com.jeanramal.autosendmsgwhatsapp.service.SendMsgWhatsAppService [restartedMain] [15900294138810] [15900297810821] -------------- FINISH_SENDING ----------------------
2020-05-20 21:56:30,451 INFO com.jeanramal.autosendmsgwhatsapp.service.SendMsgWhatsAppService [restartedMain] [15900294138810] 
2020-05-20 21:56:30,451 INFO com.jeanramal.autosendmsgwhatsapp.service.SendMsgWhatsAppService [restartedMain] [15900294138810] [15900297904512] -------------- START_SENDING ----------------------
2020-05-20 21:56:30,451 INFO com.jeanramal.autosendmsgwhatsapp.service.SendMsgWhatsAppService [restartedMain] [15900294138810] [15900297904512] 1/4 - 51949175165: Sending message...
2020-05-20 21:56:39,239 ERROR com.jeanramal.autosendmsgwhatsapp.service.SendMsgWhatsAppService [restartedMain] [15900294138810] [15900297904512] 1/4 - 51949175165: [null] - element not interactable
  (Session info: chrome=83.0.4103.61)
Build info: version: '3.141.59', revision: 'e82be7d358', time: '2018-11-14T08:17:03'
System info: host: 'LIM-46YX6S2', ip: '192.168.1.7', os.name: 'Windows 10', os.arch: 'amd64', os.version: '10.0', java.version: '1.8.0_241'
Driver info: org.openqa.selenium.chrome.ChromeDriver
Capabilities {acceptInsecureCerts: false, browserName: chrome, browserVersion: 83.0.4103.61, chrome: {chromedriverVersion: 83.0.4103.39 (ccbf011cb2d2b..., userDataDir: C:\Users\jramalal\AppData\L...}, goog:chromeOptions: {debuggerAddress: localhost:64155}, javascriptEnabled: true, networkConnectionEnabled: false, pageLoadStrategy: normal, platform: WINDOWS, platformName: WINDOWS, proxy: Proxy(), setWindowRect: true, strictFileInteractability: false, timeouts: {implicit: 0, pageLoad: 300000, script: 30000}, unhandledPromptBehavior: dismiss and notify, webauthn:virtualAuthenticators: true}
Session ID: d6748673a520bdaf109670b979d1af65
2020-05-20 21:56:39,240 INFO com.jeanramal.autosendmsgwhatsapp.service.SendMsgWhatsAppService [restartedMain] [15900294138810] [15900297904512] Elapsed sending time: 8789 ms.
2020-05-20 21:56:39,240 INFO com.jeanramal.autosendmsgwhatsapp.service.SendMsgWhatsAppService [restartedMain] [15900294138810] [15900297904512] -------------- FINISH_SENDING ----------------------
2020-05-20 21:56:39,240 INFO com.jeanramal.autosendmsgwhatsapp.service.SendMsgWhatsAppService [restartedMain] [15900294138810] 
2020-05-20 21:56:39,240 INFO com.jeanramal.autosendmsgwhatsapp.service.SendMsgWhatsAppService [restartedMain] [15900294138810] [15900297992403] -------------- START_SENDING ----------------------
2020-05-20 21:56:39,240 INFO com.jeanramal.autosendmsgwhatsapp.service.SendMsgWhatsAppService [restartedMain] [15900294138810] [15900297992403] 1/4 - 51988773802: Sending message...
2020-05-20 21:56:47,415 ERROR com.jeanramal.autosendmsgwhatsapp.service.SendMsgWhatsAppService [restartedMain] [15900294138810] [15900297992403] 1/4 - 51988773802: [null] - element not interactable
  (Session info: chrome=83.0.4103.61)
Build info: version: '3.141.59', revision: 'e82be7d358', time: '2018-11-14T08:17:03'
System info: host: 'LIM-46YX6S2', ip: '192.168.1.7', os.name: 'Windows 10', os.arch: 'amd64', os.version: '10.0', java.version: '1.8.0_241'
Driver info: org.openqa.selenium.chrome.ChromeDriver
Capabilities {acceptInsecureCerts: false, browserName: chrome, browserVersion: 83.0.4103.61, chrome: {chromedriverVersion: 83.0.4103.39 (ccbf011cb2d2b..., userDataDir: C:\Users\jramalal\AppData\L...}, goog:chromeOptions: {debuggerAddress: localhost:64155}, javascriptEnabled: true, networkConnectionEnabled: false, pageLoadStrategy: normal, platform: WINDOWS, platformName: WINDOWS, proxy: Proxy(), setWindowRect: true, strictFileInteractability: false, timeouts: {implicit: 0, pageLoad: 300000, script: 30000}, unhandledPromptBehavior: dismiss and notify, webauthn:virtualAuthenticators: true}
Session ID: d6748673a520bdaf109670b979d1af65
2020-05-20 21:56:47,415 INFO com.jeanramal.autosendmsgwhatsapp.service.SendMsgWhatsAppService [restartedMain] [15900294138810] [15900297992403] Elapsed sending time: 8175 ms.
2020-05-20 21:56:47,416 INFO com.jeanramal.autosendmsgwhatsapp.service.SendMsgWhatsAppService [restartedMain] [15900294138810] [15900297992403] -------------- FINISH_SENDING ----------------------
2020-05-20 21:56:47,416 INFO com.jeanramal.autosendmsgwhatsapp.service.SendMsgWhatsAppService [restartedMain] [15900294138810] 
2020-05-20 21:56:47,416 INFO com.jeanramal.autosendmsgwhatsapp.service.SendMsgWhatsAppService [restartedMain] [15900294138810] [15900298074164] -------------- START_SENDING ----------------------
2020-05-20 21:56:47,417 INFO com.jeanramal.autosendmsgwhatsapp.service.SendMsgWhatsAppService [restartedMain] [15900294138810] [15900298074164] 1/4 - 51989010684: Sending message...
2020-05-20 21:56:56,419 ERROR com.jeanramal.autosendmsgwhatsapp.service.SendMsgWhatsAppService [restartedMain] [15900294138810] [15900298074164] 1/4 - 51989010684: [null] - element not interactable
  (Session info: chrome=83.0.4103.61)
Build info: version: '3.141.59', revision: 'e82be7d358', time: '2018-11-14T08:17:03'
System info: host: 'LIM-46YX6S2', ip: '192.168.1.7', os.name: 'Windows 10', os.arch: 'amd64', os.version: '10.0', java.version: '1.8.0_241'
Driver info: org.openqa.selenium.chrome.ChromeDriver
Capabilities {acceptInsecureCerts: false, browserName: chrome, browserVersion: 83.0.4103.61, chrome: {chromedriverVersion: 83.0.4103.39 (ccbf011cb2d2b..., userDataDir: C:\Users\jramalal\AppData\L...}, goog:chromeOptions: {debuggerAddress: localhost:64155}, javascriptEnabled: true, networkConnectionEnabled: false, pageLoadStrategy: normal, platform: WINDOWS, platformName: WINDOWS, proxy: Proxy(), setWindowRect: true, strictFileInteractability: false, timeouts: {implicit: 0, pageLoad: 300000, script: 30000}, unhandledPromptBehavior: dismiss and notify, webauthn:virtualAuthenticators: true}
Session ID: d6748673a520bdaf109670b979d1af65
2020-05-20 21:56:56,419 INFO com.jeanramal.autosendmsgwhatsapp.service.SendMsgWhatsAppService [restartedMain] [15900294138810] [15900298074164] Elapsed sending time: 9003 ms.
2020-05-20 21:56:56,420 INFO com.jeanramal.autosendmsgwhatsapp.service.SendMsgWhatsAppService [restartedMain] [15900294138810] [15900298074164] -------------- FINISH_SENDING ----------------------
2020-05-20 21:56:56,420 INFO com.jeanramal.autosendmsgwhatsapp.service.SendMsgWhatsAppService [restartedMain] [15900294138810] 
2020-05-20 21:56:56,420 INFO com.jeanramal.autosendmsgwhatsapp.service.SendMsgWhatsAppService [restartedMain] [15900294138810] closeAllWindows
2020-05-20 21:56:58,131 INFO com.jeanramal.autosendmsgwhatsapp.service.SendMsgWhatsAppService [restartedMain] [15900294138810] 
2020-05-20 21:56:58,132 INFO com.jeanramal.autosendmsgwhatsapp.service.SendMsgWhatsAppService [restartedMain] [15900294138810] Statistics:
2020-05-20 21:56:58,132 INFO com.jeanramal.autosendmsgwhatsapp.service.SendMsgWhatsAppService [restartedMain] [15900294138810] Number of numbers: 4
2020-05-20 21:56:58,132 INFO com.jeanramal.autosendmsgwhatsapp.service.SendMsgWhatsAppService [restartedMain] [15900294138810] Number of processed numbers: 0
2020-05-20 21:56:58,133 INFO com.jeanramal.autosendmsgwhatsapp.service.SendMsgWhatsAppService [restartedMain] [15900294138810] Number of unprocessed numbers: 4
2020-05-20 21:56:58,133 INFO com.jeanramal.autosendmsgwhatsapp.service.SendMsgWhatsAppService [restartedMain] [15900294138810] Invalid numbers: 51994641153,51949175165,51988773802,51989010684,
2020-05-20 21:56:58,133 INFO com.jeanramal.autosendmsgwhatsapp.service.SendMsgWhatsAppService [restartedMain] [15900294138810] 
2020-05-20 21:56:58,134 INFO com.jeanramal.autosendmsgwhatsapp.service.SendMsgWhatsAppService [restartedMain] [15900294138810] Elapsed total time: 404254 ms.
2020-05-20 21:56:58,134 INFO com.jeanramal.autosendmsgwhatsapp.service.SendMsgWhatsAppService [restartedMain] [15900294138810] -------------- FINISH_PROCESS -------------------------------------
2020-05-20 21:57:42,334 INFO org.springframework.boot.StartupInfoLogger [restartedMain] Starting AutoSendMsgWhatsappApplication on LIM-46YX6S2 with PID 49228 (C:\JEAN\EVERIS\Proyectos\Proy-IPT\Desarrollo\workspaces\microservicios\auto-send-msg-whatsapp\target\classes started by jramalal in C:\JEAN\EVERIS\Proyectos\Proy-IPT\Desarrollo\workspaces\microservicios\auto-send-msg-whatsapp)
2020-05-20 21:57:42,338 DEBUG org.springframework.boot.StartupInfoLogger [restartedMain] Running with Spring Boot v2.3.0.RELEASE, Spring v5.2.6.RELEASE
2020-05-20 21:57:42,338 INFO org.springframework.boot.SpringApplication [restartedMain] No active profile set, falling back to default profiles: default
2020-05-20 21:57:42,953 INFO org.springframework.boot.StartupInfoLogger [restartedMain] Started AutoSendMsgWhatsappApplication in 1.08 seconds (JVM running for 2.598)
2020-05-20 21:57:42,957 INFO com.jeanramal.autosendmsgwhatsapp.service.SendMsgWhatsAppService [restartedMain] [15900298629560] -------------- START_PROCESS -------------------------------------
2020-05-20 21:57:42,957 INFO com.jeanramal.autosendmsgwhatsapp.service.SendMsgWhatsAppService [restartedMain] [15900298629560] Sending Message WhatsApp
2020-05-20 21:57:42,957 INFO com.jeanramal.autosendmsgwhatsapp.service.SendMsgWhatsAppService [restartedMain] [15900298629560] parameters: Parameters(pathDriver=target\chromedriver\83.0.4103.39\chromedriver_win32\chromedriver.exe, numbers=51994641153,51949175165,51988773802,51989010684, message=Hola, recuerda que hoy es el Taller de "Introducción a FlexBox" a las 7pm. Únete al taller online aquí : https://bit.ly/3dN0ML7 Contraseña: PDGIT2020 Este mensaje es informativo. No es necesario responder. #YoMeQuedoEnCasa)
2020-05-20 21:57:42,957 INFO com.jeanramal.autosendmsgwhatsapp.service.SendMsgWhatsAppService [restartedMain] [15900298629560] prepareDriver
2020-05-20 21:57:45,919 INFO com.jeanramal.autosendmsgwhatsapp.service.SendMsgWhatsAppService [restartedMain] [15900298629560] Loading page...
2020-05-20 21:58:11,185 INFO com.jeanramal.autosendmsgwhatsapp.service.SendMsgWhatsAppService [restartedMain] [15900298629560] Page loaded.
2020-05-20 21:58:11,185 INFO com.jeanramal.autosendmsgwhatsapp.service.SendMsgWhatsAppService [restartedMain] [15900298629560] Waiting scanning...
2020-05-20 21:58:14,262 INFO com.jeanramal.autosendmsgwhatsapp.service.SendMsgWhatsAppService [restartedMain] [15900298629560] Scanned.
2020-05-20 21:58:14,263 INFO com.jeanramal.autosendmsgwhatsapp.service.SendMsgWhatsAppService [restartedMain] [15900298629560] Waiting connection...
2020-05-20 21:58:21,056 INFO com.jeanramal.autosendmsgwhatsapp.service.SendMsgWhatsAppService [restartedMain] [15900298629560] Connected.
2020-05-20 21:58:21,056 INFO com.jeanramal.autosendmsgwhatsapp.service.SendMsgWhatsAppService [restartedMain] [15900298629560] createTab
2020-05-20 21:58:21,223 INFO com.jeanramal.autosendmsgwhatsapp.service.SendMsgWhatsAppService [restartedMain] [15900298629560] 
2020-05-20 21:58:21,224 INFO com.jeanramal.autosendmsgwhatsapp.service.SendMsgWhatsAppService [restartedMain] [15900298629560] [15900299012241] -------------- START_SENDING ----------------------
2020-05-20 21:58:21,224 INFO com.jeanramal.autosendmsgwhatsapp.service.SendMsgWhatsAppService [restartedMain] [15900298629560] [15900299012241] 1/4 - 51994641153: Sending message...
2020-05-20 21:58:36,763 INFO com.jeanramal.autosendmsgwhatsapp.service.SendMsgWhatsAppService [restartedMain] [15900298629560] [15900299012241] 1/4 - 51994641153: Message sended.
2020-05-20 21:58:36,763 INFO com.jeanramal.autosendmsgwhatsapp.service.SendMsgWhatsAppService [restartedMain] [15900298629560] [15900299012241] Elapsed sending time: 15539 ms.
2020-05-20 21:58:36,764 INFO com.jeanramal.autosendmsgwhatsapp.service.SendMsgWhatsAppService [restartedMain] [15900298629560] [15900299012241] -------------- FINISH_SENDING ----------------------
2020-05-20 21:58:36,764 INFO com.jeanramal.autosendmsgwhatsapp.service.SendMsgWhatsAppService [restartedMain] [15900298629560] 
2020-05-20 21:58:36,765 INFO com.jeanramal.autosendmsgwhatsapp.service.SendMsgWhatsAppService [restartedMain] [15900298629560] [15900299167652] -------------- START_SENDING ----------------------
2020-05-20 21:58:36,765 INFO com.jeanramal.autosendmsgwhatsapp.service.SendMsgWhatsAppService [restartedMain] [15900298629560] [15900299167652] 2/4 - 51949175165: Sending message...
2020-05-20 21:58:50,031 INFO com.jeanramal.autosendmsgwhatsapp.service.SendMsgWhatsAppService [restartedMain] [15900298629560] [15900299167652] 2/4 - 51949175165: Message sended.
2020-05-20 21:58:50,031 INFO com.jeanramal.autosendmsgwhatsapp.service.SendMsgWhatsAppService [restartedMain] [15900298629560] [15900299167652] Elapsed sending time: 13266 ms.
2020-05-20 21:58:50,031 INFO com.jeanramal.autosendmsgwhatsapp.service.SendMsgWhatsAppService [restartedMain] [15900298629560] [15900299167652] -------------- FINISH_SENDING ----------------------
2020-05-20 21:58:50,031 INFO com.jeanramal.autosendmsgwhatsapp.service.SendMsgWhatsAppService [restartedMain] [15900298629560] 
2020-05-20 21:58:50,032 INFO com.jeanramal.autosendmsgwhatsapp.service.SendMsgWhatsAppService [restartedMain] [15900298629560] [15900299300323] -------------- START_SENDING ----------------------
2020-05-20 21:58:50,032 INFO com.jeanramal.autosendmsgwhatsapp.service.SendMsgWhatsAppService [restartedMain] [15900298629560] [15900299300323] 3/4 - 51988773802: Sending message...
2020-05-20 21:59:03,516 INFO com.jeanramal.autosendmsgwhatsapp.service.SendMsgWhatsAppService [restartedMain] [15900298629560] [15900299300323] 3/4 - 51988773802: Message sended.
2020-05-20 21:59:03,516 INFO com.jeanramal.autosendmsgwhatsapp.service.SendMsgWhatsAppService [restartedMain] [15900298629560] [15900299300323] Elapsed sending time: 13484 ms.
2020-05-20 21:59:03,516 INFO com.jeanramal.autosendmsgwhatsapp.service.SendMsgWhatsAppService [restartedMain] [15900298629560] [15900299300323] -------------- FINISH_SENDING ----------------------
2020-05-20 21:59:03,516 INFO com.jeanramal.autosendmsgwhatsapp.service.SendMsgWhatsAppService [restartedMain] [15900298629560] 
2020-05-20 21:59:03,517 INFO com.jeanramal.autosendmsgwhatsapp.service.SendMsgWhatsAppService [restartedMain] [15900298629560] [15900299435174] -------------- START_SENDING ----------------------
2020-05-20 21:59:03,517 INFO com.jeanramal.autosendmsgwhatsapp.service.SendMsgWhatsAppService [restartedMain] [15900298629560] [15900299435174] 4/4 - 51989010684: Sending message...
2020-05-20 21:59:30,936 INFO com.jeanramal.autosendmsgwhatsapp.service.SendMsgWhatsAppService [restartedMain] [15900298629560] [15900299435174] 4/4 - 51989010684: Message sended.
2020-05-20 21:59:30,936 INFO com.jeanramal.autosendmsgwhatsapp.service.SendMsgWhatsAppService [restartedMain] [15900298629560] [15900299435174] Elapsed sending time: 27419 ms.
2020-05-20 21:59:30,936 INFO com.jeanramal.autosendmsgwhatsapp.service.SendMsgWhatsAppService [restartedMain] [15900298629560] [15900299435174] -------------- FINISH_SENDING ----------------------
2020-05-20 21:59:30,936 INFO com.jeanramal.autosendmsgwhatsapp.service.SendMsgWhatsAppService [restartedMain] [15900298629560] 
2020-05-20 21:59:30,937 INFO com.jeanramal.autosendmsgwhatsapp.service.SendMsgWhatsAppService [restartedMain] [15900298629560] closeAllWindows
2020-05-20 21:59:31,883 INFO com.jeanramal.autosendmsgwhatsapp.service.SendMsgWhatsAppService [restartedMain] [15900298629560] 
2020-05-20 21:59:31,884 INFO com.jeanramal.autosendmsgwhatsapp.service.SendMsgWhatsAppService [restartedMain] [15900298629560] Statistics:
2020-05-20 21:59:31,884 INFO com.jeanramal.autosendmsgwhatsapp.service.SendMsgWhatsAppService [restartedMain] [15900298629560] Number of numbers: 4
2020-05-20 21:59:31,884 INFO com.jeanramal.autosendmsgwhatsapp.service.SendMsgWhatsAppService [restartedMain] [15900298629560] Number of processed numbers: 4
2020-05-20 21:59:31,884 INFO com.jeanramal.autosendmsgwhatsapp.service.SendMsgWhatsAppService [restartedMain] [15900298629560] Number of unprocessed numbers: 0
2020-05-20 21:59:31,884 INFO com.jeanramal.autosendmsgwhatsapp.service.SendMsgWhatsAppService [restartedMain] [15900298629560] Invalid numbers: 
2020-05-20 21:59:31,885 INFO com.jeanramal.autosendmsgwhatsapp.service.SendMsgWhatsAppService [restartedMain] [15900298629560] 
2020-05-20 21:59:31,885 INFO com.jeanramal.autosendmsgwhatsapp.service.SendMsgWhatsAppService [restartedMain] [15900298629560] Elapsed total time: 108930 ms.
2020-05-20 21:59:31,885 INFO com.jeanramal.autosendmsgwhatsapp.service.SendMsgWhatsAppService [restartedMain] [15900298629560] -------------- FINISH_PROCESS -------------------------------------
