2020-05-21 23:56:27,544 INFO org.springframework.boot.StartupInfoLogger [restartedMain] Starting AutoSendMsgWhatsappApplication on LIM-46YX6S2 with PID 51732 (C:\JEAN\EVERIS\Proyectos\Proy-IPT\Desarrollo\workspaces\microservicios\auto-send-msg-whatsapp\target\classes started by jramalal in C:\JEAN\EVERIS\Proyectos\Proy-IPT\Desarrollo\workspaces\microservicios\auto-send-msg-whatsapp)
2020-05-21 23:56:27,553 DEBUG org.springframework.boot.StartupInfoLogger [restartedMain] Running with Spring Boot v2.3.0.RELEASE, Spring v5.2.6.RELEASE
2020-05-21 23:56:27,554 INFO org.springframework.boot.SpringApplication [restartedMain] No active profile set, falling back to default profiles: default
2020-05-21 23:56:28,446 INFO org.springframework.boot.StartupInfoLogger [restartedMain] Started AutoSendMsgWhatsappApplication in 1.624 seconds (JVM running for 3.251)
2020-05-21 23:56:28,453 INFO com.jeanramal.autosendmsgwhatsapp.service.SendMsgWhatsAppService [restartedMain] [15901233884530] -------------- START_PROCESS -------------------------------------
2020-05-21 23:56:28,454 INFO com.jeanramal.autosendmsgwhatsapp.service.SendMsgWhatsAppService [restartedMain] [15901233884530] Sending Message WhatsApp
2020-05-21 23:56:28,454 INFO com.jeanramal.autosendmsgwhatsapp.service.SendMsgWhatsAppService [restartedMain] [15901233884530] parameters: Parameters(pathDriver=/chromedriver/83.0.4103.39/chromedriver_win32/chromedriver.exe, numbers=51980630766, 51993121312, 51964877575, 51940284345, 51945011040, 51940284345, 51993258817, 51944491115, 51949743300, 51995493919, 51982506186, 51928817856, 51966461384, 51994768722, 51935334834, 51989946721, 51988908809, 51935334834 , message=Hola, recuerda que hoy es el Taller de "Introducción a FlexBox" a las 7pm. Únete al taller online aquí : https://bit.ly/2ZsH6rY Contraseña: Flexbox Este mensaje es informativo. No es necesario responder. #YoMeQuedoEnCasa)
2020-05-21 23:56:28,455 INFO com.jeanramal.autosendmsgwhatsapp.service.SendMsgWhatsAppService [restartedMain] [15901233884530] prepareDriver
2020-05-21 23:56:28,542 ERROR com.jeanramal.autosendmsgwhatsapp.service.SendMsgWhatsAppService [restartedMain] [15901233884530] Exception
java.lang.IllegalStateException: The driver executable does not exist: C:\chromedriver\83.0.4103.39\chromedriver_win32\chromedriver.exe
	at com.google.common.base.Preconditions.checkState(Preconditions.java:585)
	at org.openqa.selenium.remote.service.DriverService.checkExecutable(DriverService.java:146)
	at org.openqa.selenium.remote.service.DriverService.findExecutable(DriverService.java:141)
	at org.openqa.selenium.chrome.ChromeDriverService.access$000(ChromeDriverService.java:35)
	at org.openqa.selenium.chrome.ChromeDriverService$Builder.findDefaultExecutable(ChromeDriverService.java:159)
	at org.openqa.selenium.remote.service.DriverService$Builder.build(DriverService.java:355)
	at org.openqa.selenium.chrome.ChromeDriverService.createDefaultService(ChromeDriverService.java:94)
	at org.openqa.selenium.chrome.ChromeDriver.<init>(ChromeDriver.java:123)
	at com.jeanramal.autosendmsgwhatsapp.service.SendMsgWhatsAppService.prepareDriver(SendMsgWhatsAppService.java:180)
	at com.jeanramal.autosendmsgwhatsapp.service.SendMsgWhatsAppService.sendMsg(SendMsgWhatsAppService.java:46)
	at com.jeanramal.autosendmsgwhatsapp.AutoSendMsgWhatsappApplication.run(AutoSendMsgWhatsappApplication.java:22)
	at org.springframework.boot.SpringApplication.callRunner(SpringApplication.java:795)
	at org.springframework.boot.SpringApplication.callRunners(SpringApplication.java:779)
	at org.springframework.boot.SpringApplication.run(SpringApplication.java:322)
	at org.springframework.boot.SpringApplication.run(SpringApplication.java:1237)
	at org.springframework.boot.SpringApplication.run(SpringApplication.java:1226)
	at com.jeanramal.autosendmsgwhatsapp.AutoSendMsgWhatsappApplication.main(AutoSendMsgWhatsappApplication.java:17)
	at sun.reflect.NativeMethodAccessorImpl.invoke0(Native Method)
	at sun.reflect.NativeMethodAccessorImpl.invoke(NativeMethodAccessorImpl.java:62)
	at sun.reflect.DelegatingMethodAccessorImpl.invoke(DelegatingMethodAccessorImpl.java:43)
	at java.lang.reflect.Method.invoke(Method.java:498)
	at org.springframework.boot.devtools.restart.RestartLauncher.run(RestartLauncher.java:49)
2020-05-21 23:56:28,542 INFO com.jeanramal.autosendmsgwhatsapp.service.SendMsgWhatsAppService [restartedMain] [15901233884530] 
2020-05-21 23:56:28,543 INFO com.jeanramal.autosendmsgwhatsapp.service.SendMsgWhatsAppService [restartedMain] [15901233884530] closeAllWindows
2020-05-21 23:56:28,543 INFO com.jeanramal.autosendmsgwhatsapp.service.SendMsgWhatsAppService [restartedMain] [15901233884530] 
2020-05-21 23:56:28,543 INFO com.jeanramal.autosendmsgwhatsapp.service.SendMsgWhatsAppService [restartedMain] [15901233884530] Statistics:
2020-05-21 23:56:28,544 INFO com.jeanramal.autosendmsgwhatsapp.service.SendMsgWhatsAppService [restartedMain] [15901233884530] Number of numbers: 0
2020-05-21 23:56:28,544 INFO com.jeanramal.autosendmsgwhatsapp.service.SendMsgWhatsAppService [restartedMain] [15901233884530] Number of processed numbers: 0
2020-05-21 23:56:28,544 INFO com.jeanramal.autosendmsgwhatsapp.service.SendMsgWhatsAppService [restartedMain] [15901233884530] Number of unprocessed numbers: 0
2020-05-21 23:56:28,544 INFO com.jeanramal.autosendmsgwhatsapp.service.SendMsgWhatsAppService [restartedMain] [15901233884530] Invalid numbers: 
2020-05-21 23:56:28,545 INFO com.jeanramal.autosendmsgwhatsapp.service.SendMsgWhatsAppService [restartedMain] [15901233884530] 
2020-05-21 23:56:28,545 INFO com.jeanramal.autosendmsgwhatsapp.service.SendMsgWhatsAppService [restartedMain] [15901233884530] Elapsed total time: 95 ms.
2020-05-21 23:56:28,545 INFO com.jeanramal.autosendmsgwhatsapp.service.SendMsgWhatsAppService [restartedMain] [15901233884530] -------------- FINISH_PROCESS -------------------------------------
2020-05-21 23:57:38,839 INFO org.springframework.boot.StartupInfoLogger [restartedMain] Starting AutoSendMsgWhatsappApplication on LIM-46YX6S2 with PID 23540 (C:\JEAN\EVERIS\Proyectos\Proy-IPT\Desarrollo\workspaces\microservicios\auto-send-msg-whatsapp\target\classes started by jramalal in C:\JEAN\EVERIS\Proyectos\Proy-IPT\Desarrollo\workspaces\microservicios\auto-send-msg-whatsapp)
2020-05-21 23:57:38,842 DEBUG org.springframework.boot.StartupInfoLogger [restartedMain] Running with Spring Boot v2.3.0.RELEASE, Spring v5.2.6.RELEASE
2020-05-21 23:57:38,843 INFO org.springframework.boot.SpringApplication [restartedMain] No active profile set, falling back to default profiles: default
2020-05-21 23:57:39,365 INFO org.springframework.boot.StartupInfoLogger [restartedMain] Started AutoSendMsgWhatsappApplication in 0.922 seconds (JVM running for 2.218)
2020-05-21 23:57:39,369 INFO com.jeanramal.autosendmsgwhatsapp.service.SendMsgWhatsAppService [restartedMain] [15901234593690] -------------- START_PROCESS -------------------------------------
2020-05-21 23:57:39,369 INFO com.jeanramal.autosendmsgwhatsapp.service.SendMsgWhatsAppService [restartedMain] [15901234593690] Sending Message WhatsApp
2020-05-21 23:57:39,369 INFO com.jeanramal.autosendmsgwhatsapp.service.SendMsgWhatsAppService [restartedMain] [15901234593690] parameters: Parameters(pathDriver=target/chromedriver/83.0.4103.39/chromedriver_win32/chromedriver.exe, numbers=51980630766, 51993121312, 51964877575, 51940284345, 51945011040, 51940284345, 51993258817, 51944491115, 51949743300, 51995493919, 51982506186, 51928817856, 51966461384, 51994768722, 51935334834, 51989946721, 51988908809, 51935334834 , message=Hola, recuerda que hoy es el Taller de "Introducción a FlexBox" a las 7pm. Únete al taller online aquí : https://bit.ly/2ZsH6rY Contraseña: Flexbox Este mensaje es informativo. No es necesario responder. #YoMeQuedoEnCasa)
2020-05-21 23:57:39,369 INFO com.jeanramal.autosendmsgwhatsapp.service.SendMsgWhatsAppService [restartedMain] [15901234593690] prepareDriver
2020-05-21 23:57:44,391 INFO com.jeanramal.autosendmsgwhatsapp.service.SendMsgWhatsAppService [restartedMain] [15901234593690] Loading page...
2020-05-21 23:58:07,660 INFO com.jeanramal.autosendmsgwhatsapp.service.SendMsgWhatsAppService [restartedMain] [15901234593690] Page loaded.
2020-05-21 23:58:07,661 INFO com.jeanramal.autosendmsgwhatsapp.service.SendMsgWhatsAppService [restartedMain] [15901234593690] Waiting scanning...
