2020-05-19 20:53:17,191 INFO org.springframework.boot.StartupInfoLogger [restartedMain] Starting AutoSendMsgWhatsappApplication on LIM-46YX6S2 with PID 42884 (C:\JEAN\EVERIS\Proyectos\Proy-IPT\Desarrollo\workspaces\microservicios\auto-send-msg-whatsapp\target\classes started by jramalal in C:\JEAN\EVERIS\Proyectos\Proy-IPT\Desarrollo\workspaces\microservicios\auto-send-msg-whatsapp)
2020-05-19 20:53:17,197 DEBUG org.springframework.boot.StartupInfoLogger [restartedMain] Running with Spring Boot v2.3.0.RELEASE, Spring v5.2.6.RELEASE
2020-05-19 20:53:17,198 INFO org.springframework.boot.SpringApplication [restartedMain] No active profile set, falling back to default profiles: default
2020-05-19 20:53:18,366 INFO org.springframework.boot.StartupInfoLogger [restartedMain] Started AutoSendMsgWhatsappApplication in 2.775 seconds (JVM running for 5.406)
2020-05-19 20:53:18,370 INFO com.jeanramal.autosendmsgwhatsapp.service.SendMsgWhatsAppService [restartedMain] [15899395983690] -------------- START_PROCESS -------------------------------------
2020-05-19 20:53:18,370 INFO com.jeanramal.autosendmsgwhatsapp.service.SendMsgWhatsAppService [restartedMain] [15899395983690] Sending Message WhatsApp
2020-05-19 20:53:18,370 INFO com.jeanramal.autosendmsgwhatsapp.service.SendMsgWhatsAppService [restartedMain] [15899395983690] parameters: Parameters(pathDriver=C:\Users\jramalal\Downloads\instaladores\chromedriver.exe, numbers=51994641153,51946647869, message=Prueba envío interno.)
2020-05-19 20:53:18,370 INFO com.jeanramal.autosendmsgwhatsapp.service.SendMsgWhatsAppService [restartedMain] [15899395983690] prepareDriver
2020-05-19 20:53:23,536 INFO com.jeanramal.autosendmsgwhatsapp.service.SendMsgWhatsAppService [restartedMain] [15899395983690] Loading page...
2020-05-19 20:53:46,275 INFO com.jeanramal.autosendmsgwhatsapp.service.SendMsgWhatsAppService [restartedMain] [15899395983690] Page loaded.
2020-05-19 20:53:46,276 INFO com.jeanramal.autosendmsgwhatsapp.service.SendMsgWhatsAppService [restartedMain] [15899395983690] Waiting scanning...
2020-05-19 20:54:01,507 INFO com.jeanramal.autosendmsgwhatsapp.service.SendMsgWhatsAppService [restartedMain] [15899395983690] Scanned.
2020-05-19 20:54:01,507 INFO com.jeanramal.autosendmsgwhatsapp.service.SendMsgWhatsAppService [restartedMain] [15899395983690] Waiting connection...
2020-05-19 20:54:07,096 INFO com.jeanramal.autosendmsgwhatsapp.service.SendMsgWhatsAppService [restartedMain] [15899395983690] Connected.
2020-05-19 20:54:07,097 INFO com.jeanramal.autosendmsgwhatsapp.service.SendMsgWhatsAppService [restartedMain] [15899395983690] createTab
2020-05-19 20:54:07,210 INFO com.jeanramal.autosendmsgwhatsapp.service.SendMsgWhatsAppService [restartedMain] [15899395983690] 
2020-05-19 20:54:07,211 INFO com.jeanramal.autosendmsgwhatsapp.service.SendMsgWhatsAppService [restartedMain] [15899395983690] [15899396472111] -------------- START_SENDING ----------------------
2020-05-19 20:54:07,211 INFO com.jeanramal.autosendmsgwhatsapp.service.SendMsgWhatsAppService [restartedMain] [15899395983690] [15899396472111] 1/2 - 51994641153: Sending message...
2020-05-19 20:54:17,445 INFO com.jeanramal.autosendmsgwhatsapp.service.SendMsgWhatsAppService [restartedMain] [15899395983690] [15899396472111] 1/2 - 51994641153: Message sended.
2020-05-19 20:54:17,445 INFO com.jeanramal.autosendmsgwhatsapp.service.SendMsgWhatsAppService [restartedMain] [15899395983690] [15899396472111] Elapsed sending time: 10234 ms.
2020-05-19 20:54:17,446 INFO com.jeanramal.autosendmsgwhatsapp.service.SendMsgWhatsAppService [restartedMain] [15899395983690] [15899396472111] -------------- FINISH_SENDING ----------------------
2020-05-19 20:54:17,447 INFO com.jeanramal.autosendmsgwhatsapp.service.SendMsgWhatsAppService [restartedMain] [15899395983690] 
2020-05-19 20:54:17,447 INFO com.jeanramal.autosendmsgwhatsapp.service.SendMsgWhatsAppService [restartedMain] [15899395983690] [15899396574472] -------------- START_SENDING ----------------------
2020-05-19 20:54:17,448 INFO com.jeanramal.autosendmsgwhatsapp.service.SendMsgWhatsAppService [restartedMain] [15899395983690] [15899396574472] 2/2 - 51946647869: Sending message...
2020-05-19 21:03:48,626 INFO org.springframework.boot.StartupInfoLogger [restartedMain] Starting AutoSendMsgWhatsappApplication on LIM-46YX6S2 with PID 42884 (C:\JEAN\EVERIS\Proyectos\Proy-IPT\Desarrollo\workspaces\microservicios\auto-send-msg-whatsapp\target\classes started by jramalal in C:\JEAN\EVERIS\Proyectos\Proy-IPT\Desarrollo\workspaces\microservicios\auto-send-msg-whatsapp)
2020-05-19 21:03:48,627 DEBUG org.springframework.boot.StartupInfoLogger [restartedMain] Running with Spring Boot v2.3.0.RELEASE, Spring v5.2.6.RELEASE
2020-05-19 21:03:48,627 INFO org.springframework.boot.SpringApplication [restartedMain] No active profile set, falling back to default profiles: default
2020-05-19 21:03:48,863 INFO org.springframework.boot.StartupInfoLogger [restartedMain] Started AutoSendMsgWhatsappApplication in 0.287 seconds (JVM running for 635.903)
2020-05-19 21:03:48,866 INFO com.jeanramal.autosendmsgwhatsapp.service.SendMsgWhatsAppService [restartedMain] [15899402288650] -------------- START_PROCESS -------------------------------------
2020-05-19 21:03:48,866 INFO com.jeanramal.autosendmsgwhatsapp.service.SendMsgWhatsAppService [restartedMain] [15899402288650] Sending Message WhatsApp
2020-05-19 21:03:48,866 INFO com.jeanramal.autosendmsgwhatsapp.service.SendMsgWhatsAppService [restartedMain] [15899402288650] parameters: Parameters(pathDriver=C:\Users\jramalal\Downloads\instaladores\chromedriver.exe, numbers=51994641153,51946647869, message=Prueba envío interno.)
2020-05-19 21:03:48,866 INFO com.jeanramal.autosendmsgwhatsapp.service.SendMsgWhatsAppService [restartedMain] [15899402288650] prepareDriver
2020-05-19 21:03:51,961 INFO com.jeanramal.autosendmsgwhatsapp.service.SendMsgWhatsAppService [restartedMain] [15899402288650] Loading page...
2020-05-19 21:03:52,843 ERROR com.jeanramal.autosendmsgwhatsapp.service.SendMsgWhatsAppService [restartedMain] [15899402288650] WebDriverException
org.openqa.selenium.WebDriverException: unknown error: cannot determine loading status
from disconnected: received Inspector.detached event
  (Session info: chrome=81.0.4044.138)
Build info: version: '3.141.59', revision: 'e82be7d358', time: '2018-11-14T08:17:03'
System info: host: 'LIM-46YX6S2', ip: '192.168.1.7', os.name: 'Windows 10', os.arch: 'amd64', os.version: '10.0', java.version: '1.8.0_241'
Driver info: org.openqa.selenium.chrome.ChromeDriver
Capabilities {acceptInsecureCerts: false, browserName: chrome, browserVersion: 81.0.4044.138, chrome: {chromedriverVersion: 80.0.3987.16 (320f6526c1632..., userDataDir: C:\Users\jramalal\AppData\L...}, goog:chromeOptions: {debuggerAddress: localhost:55444}, javascriptEnabled: true, networkConnectionEnabled: false, pageLoadStrategy: normal, platform: WINDOWS, platformName: WINDOWS, proxy: Proxy(), setWindowRect: true, strictFileInteractability: false, timeouts: {implicit: 0, pageLoad: 300000, script: 30000}, unhandledPromptBehavior: dismiss and notify}
Session ID: 6f3986881e3f5c4abec0c4570cacd843
	at sun.reflect.NativeConstructorAccessorImpl.newInstance0(Native Method)
	at sun.reflect.NativeConstructorAccessorImpl.newInstance(NativeConstructorAccessorImpl.java:62)
	at sun.reflect.DelegatingConstructorAccessorImpl.newInstance(DelegatingConstructorAccessorImpl.java:45)
	at java.lang.reflect.Constructor.newInstance(Constructor.java:423)
	at org.openqa.selenium.remote.http.W3CHttpResponseCodec.createException(W3CHttpResponseCodec.java:187)
	at org.openqa.selenium.remote.http.W3CHttpResponseCodec.decode(W3CHttpResponseCodec.java:122)
	at org.openqa.selenium.remote.http.W3CHttpResponseCodec.decode(W3CHttpResponseCodec.java:49)
	at org.openqa.selenium.remote.HttpCommandExecutor.execute(HttpCommandExecutor.java:158)
	at org.openqa.selenium.remote.service.DriverCommandExecutor.execute(DriverCommandExecutor.java:83)
	at org.openqa.selenium.remote.RemoteWebDriver.execute(RemoteWebDriver.java:552)
	at org.openqa.selenium.remote.RemoteWebDriver.get(RemoteWebDriver.java:277)
	at com.jeanramal.autosendmsgwhatsapp.service.SendMsgWhatsAppService.sendMsg(SendMsgWhatsAppService.java:50)
	at com.jeanramal.autosendmsgwhatsapp.AutoSendMsgWhatsappApplication.run(AutoSendMsgWhatsappApplication.java:22)
	at org.springframework.boot.SpringApplication.callRunner(SpringApplication.java:795)
	at org.springframework.boot.SpringApplication.callRunners(SpringApplication.java:779)
	at org.springframework.boot.SpringApplication.run(SpringApplication.java:322)
	at org.springframework.boot.SpringApplication.run(SpringApplication.java:1237)
	at org.springframework.boot.SpringApplication.run(SpringApplication.java:1226)
	at com.jeanramal.autosendmsgwhatsapp.AutoSendMsgWhatsappApplication.main(AutoSendMsgWhatsappApplication.java:17)
	at sun.reflect.NativeMethodAccessorImpl.invoke0(Native Method)
	at sun.reflect.NativeMethodAccessorImpl.invoke(NativeMethodAccessorImpl.java:62)
	at sun.reflect.DelegatingMethodAccessorImpl.invoke(DelegatingMethodAccessorImpl.java:43)
	at java.lang.reflect.Method.invoke(Method.java:498)
	at org.springframework.boot.devtools.restart.RestartLauncher.run(RestartLauncher.java:49)
2020-05-19 21:03:52,844 INFO com.jeanramal.autosendmsgwhatsapp.service.SendMsgWhatsAppService [restartedMain] [15899402288650] 
2020-05-19 21:03:52,845 INFO com.jeanramal.autosendmsgwhatsapp.service.SendMsgWhatsAppService [restartedMain] [15899402288650] closeAllWindows
2020-05-19 21:03:52,905 INFO com.jeanramal.autosendmsgwhatsapp.service.SendMsgWhatsAppService [restartedMain] [15899402288650] 
2020-05-19 21:03:52,905 INFO com.jeanramal.autosendmsgwhatsapp.service.SendMsgWhatsAppService [restartedMain] [15899402288650] Feedback:
2020-05-19 21:03:52,905 INFO com.jeanramal.autosendmsgwhatsapp.service.SendMsgWhatsAppService [restartedMain] [15899402288650] Number of numbers: 0
2020-05-19 21:03:52,905 INFO com.jeanramal.autosendmsgwhatsapp.service.SendMsgWhatsAppService [restartedMain] [15899402288650] Number of processed numbers: 0
2020-05-19 21:03:52,906 INFO com.jeanramal.autosendmsgwhatsapp.service.SendMsgWhatsAppService [restartedMain] [15899402288650] Number of unprocessed numbers: 0
2020-05-19 21:03:52,906 INFO com.jeanramal.autosendmsgwhatsapp.service.SendMsgWhatsAppService [restartedMain] [15899402288650] 
2020-05-19 21:03:52,906 INFO com.jeanramal.autosendmsgwhatsapp.service.SendMsgWhatsAppService [restartedMain] [15899402288650] Elapsed total time: 4042 ms.
2020-05-19 21:03:52,906 INFO com.jeanramal.autosendmsgwhatsapp.service.SendMsgWhatsAppService [restartedMain] [15899402288650] -------------- FINISH_PROCESS -------------------------------------
2020-05-19 21:05:44,895 INFO org.springframework.boot.StartupInfoLogger [restartedMain] Starting AutoSendMsgWhatsappApplication on LIM-46YX6S2 with PID 43424 (C:\JEAN\EVERIS\Proyectos\Proy-IPT\Desarrollo\workspaces\microservicios\auto-send-msg-whatsapp\target\classes started by jramalal in C:\JEAN\EVERIS\Proyectos\Proy-IPT\Desarrollo\workspaces\microservicios\auto-send-msg-whatsapp)
2020-05-19 21:05:44,899 DEBUG org.springframework.boot.StartupInfoLogger [restartedMain] Running with Spring Boot v2.3.0.RELEASE, Spring v5.2.6.RELEASE
2020-05-19 21:05:44,900 INFO org.springframework.boot.SpringApplication [restartedMain] No active profile set, falling back to default profiles: default
2020-05-19 21:05:45,643 INFO org.springframework.boot.StartupInfoLogger [restartedMain] Started AutoSendMsgWhatsappApplication in 1.221 seconds (JVM running for 2.636)
2020-05-19 21:05:45,648 INFO com.jeanramal.autosendmsgwhatsapp.service.SendMsgWhatsAppService [restartedMain] [15899403456480] -------------- START_PROCESS -------------------------------------
2020-05-19 21:05:45,648 INFO com.jeanramal.autosendmsgwhatsapp.service.SendMsgWhatsAppService [restartedMain] [15899403456480] Sending Message WhatsApp
2020-05-19 21:05:45,648 INFO com.jeanramal.autosendmsgwhatsapp.service.SendMsgWhatsAppService [restartedMain] [15899403456480] parameters: Parameters(pathDriver=C:\Users\jramalal\Downloads\instaladores\chromedriver.exe, numbers=51994641153,51946647869, message=Prueba envío interno.)
2020-05-19 21:05:45,649 INFO com.jeanramal.autosendmsgwhatsapp.service.SendMsgWhatsAppService [restartedMain] [15899403456480] prepareDriver
2020-05-19 21:05:48,954 INFO com.jeanramal.autosendmsgwhatsapp.service.SendMsgWhatsAppService [restartedMain] [15899403456480] Loading page...
2020-05-19 21:06:13,106 INFO com.jeanramal.autosendmsgwhatsapp.service.SendMsgWhatsAppService [restartedMain] [15899403456480] Page loaded.
2020-05-19 21:06:13,107 INFO com.jeanramal.autosendmsgwhatsapp.service.SendMsgWhatsAppService [restartedMain] [15899403456480] Waiting scanning...
2020-05-19 21:06:28,389 INFO com.jeanramal.autosendmsgwhatsapp.service.SendMsgWhatsAppService [restartedMain] [15899403456480] Scanned.
2020-05-19 21:06:28,390 INFO com.jeanramal.autosendmsgwhatsapp.service.SendMsgWhatsAppService [restartedMain] [15899403456480] Waiting connection...
2020-05-19 21:06:36,352 INFO com.jeanramal.autosendmsgwhatsapp.service.SendMsgWhatsAppService [restartedMain] [15899403456480] Connected.
2020-05-19 21:06:36,353 INFO com.jeanramal.autosendmsgwhatsapp.service.SendMsgWhatsAppService [restartedMain] [15899403456480] createTab
2020-05-19 21:06:36,448 INFO com.jeanramal.autosendmsgwhatsapp.service.SendMsgWhatsAppService [restartedMain] [15899403456480] 
2020-05-19 21:06:36,448 INFO com.jeanramal.autosendmsgwhatsapp.service.SendMsgWhatsAppService [restartedMain] [15899403456480] [15899403964481] -------------- START_SENDING ----------------------
2020-05-19 21:06:36,448 INFO com.jeanramal.autosendmsgwhatsapp.service.SendMsgWhatsAppService [restartedMain] [15899403456480] [15899403964481] 1/2 - 51994641153: Sending message...
2020-05-19 21:06:47,353 INFO com.jeanramal.autosendmsgwhatsapp.service.SendMsgWhatsAppService [restartedMain] [15899403456480] [15899403964481] 1/2 - 51994641153: Message sended.
2020-05-19 21:06:47,354 INFO com.jeanramal.autosendmsgwhatsapp.service.SendMsgWhatsAppService [restartedMain] [15899403456480] [15899403964481] Elapsed sending time: 10906 ms.
2020-05-19 21:06:47,356 INFO com.jeanramal.autosendmsgwhatsapp.service.SendMsgWhatsAppService [restartedMain] [15899403456480] [15899403964481] -------------- FINISH_SENDING ----------------------
2020-05-19 21:06:47,356 INFO com.jeanramal.autosendmsgwhatsapp.service.SendMsgWhatsAppService [restartedMain] [15899403456480] 
2020-05-19 21:06:47,358 INFO com.jeanramal.autosendmsgwhatsapp.service.SendMsgWhatsAppService [restartedMain] [15899403456480] [15899404073572] -------------- START_SENDING ----------------------
2020-05-19 21:06:47,358 INFO com.jeanramal.autosendmsgwhatsapp.service.SendMsgWhatsAppService [restartedMain] [15899403456480] [15899404073572] 2/2 - 51946647869: Sending message...
2020-05-19 21:06:53,715 ERROR com.jeanramal.autosendmsgwhatsapp.service.SendMsgWhatsAppService [restartedMain] [15899403456480] [15899404073572] 2/2 - 51946647869: [null] - Número incorrecto
2020-05-19 21:06:53,716 INFO com.jeanramal.autosendmsgwhatsapp.service.SendMsgWhatsAppService [restartedMain] [15899403456480] [15899404073572] Elapsed sending time: 6359 ms.
2020-05-19 21:06:53,716 INFO com.jeanramal.autosendmsgwhatsapp.service.SendMsgWhatsAppService [restartedMain] [15899403456480] [15899404073572] -------------- FINISH_SENDING ----------------------
2020-05-19 21:06:53,717 INFO com.jeanramal.autosendmsgwhatsapp.service.SendMsgWhatsAppService [restartedMain] [15899403456480] 
2020-05-19 21:06:53,717 INFO com.jeanramal.autosendmsgwhatsapp.service.SendMsgWhatsAppService [restartedMain] [15899403456480] closeAllWindows
2020-05-19 21:06:58,011 INFO com.jeanramal.autosendmsgwhatsapp.service.SendMsgWhatsAppService [restartedMain] [15899403456480] 
2020-05-19 21:06:58,011 INFO com.jeanramal.autosendmsgwhatsapp.service.SendMsgWhatsAppService [restartedMain] [15899403456480] Feedback:
2020-05-19 21:06:58,011 INFO com.jeanramal.autosendmsgwhatsapp.service.SendMsgWhatsAppService [restartedMain] [15899403456480] Number of numbers: 2
2020-05-19 21:06:58,012 INFO com.jeanramal.autosendmsgwhatsapp.service.SendMsgWhatsAppService [restartedMain] [15899403456480] Number of processed numbers: 1
2020-05-19 21:06:58,012 INFO com.jeanramal.autosendmsgwhatsapp.service.SendMsgWhatsAppService [restartedMain] [15899403456480] Number of unprocessed numbers: 1
2020-05-19 21:06:58,012 INFO com.jeanramal.autosendmsgwhatsapp.service.SendMsgWhatsAppService [restartedMain] [15899403456480] 
2020-05-19 21:06:58,012 INFO com.jeanramal.autosendmsgwhatsapp.service.SendMsgWhatsAppService [restartedMain] [15899403456480] Elapsed total time: 72365 ms.
2020-05-19 21:06:58,012 INFO com.jeanramal.autosendmsgwhatsapp.service.SendMsgWhatsAppService [restartedMain] [15899403456480] -------------- FINISH_PROCESS -------------------------------------
2020-05-19 21:10:38,296 INFO org.springframework.boot.StartupInfoLogger [restartedMain] Starting AutoSendMsgWhatsappApplication on LIM-46YX6S2 with PID 46220 (C:\JEAN\EVERIS\Proyectos\Proy-IPT\Desarrollo\workspaces\microservicios\auto-send-msg-whatsapp\target\classes started by jramalal in C:\JEAN\EVERIS\Proyectos\Proy-IPT\Desarrollo\workspaces\microservicios\auto-send-msg-whatsapp)
2020-05-19 21:10:38,301 DEBUG org.springframework.boot.StartupInfoLogger [restartedMain] Running with Spring Boot v2.3.0.RELEASE, Spring v5.2.6.RELEASE
2020-05-19 21:10:38,302 INFO org.springframework.boot.SpringApplication [restartedMain] No active profile set, falling back to default profiles: default
2020-05-19 21:10:38,963 INFO org.springframework.boot.StartupInfoLogger [restartedMain] Started AutoSendMsgWhatsappApplication in 1.178 seconds (JVM running for 2.61)
2020-05-19 21:10:38,967 INFO com.jeanramal.autosendmsgwhatsapp.service.SendMsgWhatsAppService [restartedMain] [15899406389670] -------------- START_PROCESS -------------------------------------
2020-05-19 21:10:38,967 INFO com.jeanramal.autosendmsgwhatsapp.service.SendMsgWhatsAppService [restartedMain] [15899406389670] Sending Message WhatsApp
2020-05-19 21:10:38,968 INFO com.jeanramal.autosendmsgwhatsapp.service.SendMsgWhatsAppService [restartedMain] [15899406389670] parameters: Parameters(pathDriver=C:\Users\jramalal\Downloads\instaladores\chromedriver.exe, numbers=51994641153,51946647869,51946674869, message=Prueba envío interno.)
2020-05-19 21:10:38,968 INFO com.jeanramal.autosendmsgwhatsapp.service.SendMsgWhatsAppService [restartedMain] [15899406389670] prepareDriver
2020-05-19 21:10:41,804 INFO com.jeanramal.autosendmsgwhatsapp.service.SendMsgWhatsAppService [restartedMain] [15899406389670] Loading page...
2020-05-19 21:11:07,033 INFO com.jeanramal.autosendmsgwhatsapp.service.SendMsgWhatsAppService [restartedMain] [15899406389670] Page loaded.
2020-05-19 21:11:07,033 INFO com.jeanramal.autosendmsgwhatsapp.service.SendMsgWhatsAppService [restartedMain] [15899406389670] Waiting scanning...
2020-05-19 21:11:59,666 INFO com.jeanramal.autosendmsgwhatsapp.service.SendMsgWhatsAppService [restartedMain] [15899406389670] Scanned.
2020-05-19 21:11:59,666 INFO com.jeanramal.autosendmsgwhatsapp.service.SendMsgWhatsAppService [restartedMain] [15899406389670] Waiting connection...
2020-05-19 21:12:09,673 INFO com.jeanramal.autosendmsgwhatsapp.service.SendMsgWhatsAppService [restartedMain] [15899406389670] Connected.
2020-05-19 21:12:09,675 INFO com.jeanramal.autosendmsgwhatsapp.service.SendMsgWhatsAppService [restartedMain] [15899406389670] createTab
2020-05-19 21:12:09,755 INFO com.jeanramal.autosendmsgwhatsapp.service.SendMsgWhatsAppService [restartedMain] [15899406389670] 
2020-05-19 21:12:09,755 INFO com.jeanramal.autosendmsgwhatsapp.service.SendMsgWhatsAppService [restartedMain] [15899406389670] [15899407297551] -------------- START_SENDING ----------------------
2020-05-19 21:12:09,756 INFO com.jeanramal.autosendmsgwhatsapp.service.SendMsgWhatsAppService [restartedMain] [15899406389670] [15899407297551] 1/3 - 51994641153: Sending message...
2020-05-19 21:12:19,768 INFO com.jeanramal.autosendmsgwhatsapp.service.SendMsgWhatsAppService [restartedMain] [15899406389670] [15899407297551] 1/3 - 51994641153: Message sended.
2020-05-19 21:12:19,768 INFO com.jeanramal.autosendmsgwhatsapp.service.SendMsgWhatsAppService [restartedMain] [15899406389670] [15899407297551] Elapsed sending time: 10013 ms.
2020-05-19 21:12:19,768 INFO com.jeanramal.autosendmsgwhatsapp.service.SendMsgWhatsAppService [restartedMain] [15899406389670] [15899407297551] -------------- FINISH_SENDING ----------------------
2020-05-19 21:12:19,769 INFO com.jeanramal.autosendmsgwhatsapp.service.SendMsgWhatsAppService [restartedMain] [15899406389670] 
2020-05-19 21:12:19,769 INFO com.jeanramal.autosendmsgwhatsapp.service.SendMsgWhatsAppService [restartedMain] [15899406389670] [15899407397692] -------------- START_SENDING ----------------------
2020-05-19 21:12:19,769 INFO com.jeanramal.autosendmsgwhatsapp.service.SendMsgWhatsAppService [restartedMain] [15899406389670] [15899407397692] 2/3 - 51946647869: Sending message...
2020-05-19 21:12:25,929 ERROR com.jeanramal.autosendmsgwhatsapp.service.SendMsgWhatsAppService [restartedMain] [15899406389670] [15899407397692] 2/3 - 51946647869: [java.lang.Throwable: InvalidNumberException] - Invalid number
2020-05-19 21:12:25,930 INFO com.jeanramal.autosendmsgwhatsapp.service.SendMsgWhatsAppService [restartedMain] [15899406389670] [15899407397692] Elapsed sending time: 6161 ms.
2020-05-19 21:12:25,930 INFO com.jeanramal.autosendmsgwhatsapp.service.SendMsgWhatsAppService [restartedMain] [15899406389670] [15899407397692] -------------- FINISH_SENDING ----------------------
2020-05-19 21:12:25,930 INFO com.jeanramal.autosendmsgwhatsapp.service.SendMsgWhatsAppService [restartedMain] [15899406389670] 
2020-05-19 21:12:25,930 INFO com.jeanramal.autosendmsgwhatsapp.service.SendMsgWhatsAppService [restartedMain] [15899406389670] [15899407459303] -------------- START_SENDING ----------------------
2020-05-19 21:12:25,930 INFO com.jeanramal.autosendmsgwhatsapp.service.SendMsgWhatsAppService [restartedMain] [15899406389670] [15899407459303] 2/3 - 51946674869: Sending message...
2020-05-19 21:12:33,337 INFO com.jeanramal.autosendmsgwhatsapp.service.SendMsgWhatsAppService [restartedMain] [15899406389670] [15899407459303] 2/3 - 51946674869: Message sended.
2020-05-19 21:12:33,337 INFO com.jeanramal.autosendmsgwhatsapp.service.SendMsgWhatsAppService [restartedMain] [15899406389670] [15899407459303] Elapsed sending time: 7407 ms.
2020-05-19 21:12:33,338 INFO com.jeanramal.autosendmsgwhatsapp.service.SendMsgWhatsAppService [restartedMain] [15899406389670] [15899407459303] -------------- FINISH_SENDING ----------------------
2020-05-19 21:12:33,338 INFO com.jeanramal.autosendmsgwhatsapp.service.SendMsgWhatsAppService [restartedMain] [15899406389670] 
2020-05-19 21:12:33,338 INFO com.jeanramal.autosendmsgwhatsapp.service.SendMsgWhatsAppService [restartedMain] [15899406389670] closeAllWindows
2020-05-19 21:12:37,527 INFO com.jeanramal.autosendmsgwhatsapp.service.SendMsgWhatsAppService [restartedMain] [15899406389670] 
2020-05-19 21:12:37,528 INFO com.jeanramal.autosendmsgwhatsapp.service.SendMsgWhatsAppService [restartedMain] [15899406389670] Feedback:
2020-05-19 21:12:37,528 INFO com.jeanramal.autosendmsgwhatsapp.service.SendMsgWhatsAppService [restartedMain] [15899406389670] Number of numbers: 3
2020-05-19 21:12:37,528 INFO com.jeanramal.autosendmsgwhatsapp.service.SendMsgWhatsAppService [restartedMain] [15899406389670] Number of processed numbers: 2
2020-05-19 21:12:37,528 INFO com.jeanramal.autosendmsgwhatsapp.service.SendMsgWhatsAppService [restartedMain] [15899406389670] Number of unprocessed numbers: 1
2020-05-19 21:12:37,528 INFO com.jeanramal.autosendmsgwhatsapp.service.SendMsgWhatsAppService [restartedMain] [15899406389670] 
2020-05-19 21:12:37,529 INFO com.jeanramal.autosendmsgwhatsapp.service.SendMsgWhatsAppService [restartedMain] [15899406389670] Elapsed total time: 118563 ms.
2020-05-19 21:12:37,529 INFO com.jeanramal.autosendmsgwhatsapp.service.SendMsgWhatsAppService [restartedMain] [15899406389670] -------------- FINISH_PROCESS -------------------------------------
